[2023-08-17 13:26:37,359] [139807294433088] DEBUG	logging.py - wrapper:129 -> [START] /usr/local/lib/python3.8/dist-packages/ait_sdk/common/files/ait_output.py[216]:__init__(<ait_sdk.common.files.ait_output.AITOutput object at 0x7f276bfb3d90>,<ait_sdk.common.files.ait_manifest.AITManifest object at 0x7f276c0ccb50>)
[2023-08-17 13:26:37,360] [139807294433088] DEBUG	logging.py - wrapper:137 -> [END] /usr/local/lib/python3.8/dist-packages/ait_sdk/common/files/ait_output.py[216]:__init__()
[2023-08-17 13:26:37,360] [139807294433088] DEBUG	logging.py - wrapper:129 -> [START] /usr/local/lib/python3.8/dist-packages/ait_sdk/develop/ait_path_helper.py[221]:__init__(<ait_sdk.develop.ait_path_helper.AITPathHelper object at 0x7f274fab9460>)
[2023-08-17 13:26:37,361] [139807294433088] DEBUG	logging.py - wrapper:137 -> [END] /usr/local/lib/python3.8/dist-packages/ait_sdk/develop/ait_path_helper.py[221]:__init__()
[2023-08-17 13:26:37,361] [139807294433088] DEBUG	logging.py - wrapper:129 -> [START] /usr/local/lib/python3.8/dist-packages/ait_sdk/develop/ait_path_helper.py[229]:get_input_file_path(<ait_sdk.develop.ait_path_helper.AITPathHelper object at 0x7f274fab9460>)
[2023-08-17 13:26:37,363] [139807294433088] DEBUG	logging.py - wrapper:135 -> [END] /usr/local/lib/python3.8/dist-packages/ait_sdk/develop/ait_path_helper.py[229]:get_input_file_path() = /usr/local/qai/mnt/ip/job_args/1/1/ait.input.json
[2023-08-17 13:26:37,363] [139807294433088] DEBUG	logging.py - wrapper:129 -> [START] /usr/local/lib/python3.8/dist-packages/ait_sdk/common/files/ait_input.py[229]:read_json(<ait_sdk.common.files.ait_input.AITInput object at 0x7f276c0cc8b0>,/usr/local/qai/mnt/ip/job_args/1/1/ait.input.json)
[2023-08-17 13:26:37,366] [139807294433088] DEBUG	logging.py - wrapper:137 -> [END] /usr/local/lib/python3.8/dist-packages/ait_sdk/common/files/ait_input.py[229]:read_json()
[2023-08-17 13:26:37,367] [139807294433088] DEBUG	logging.py - wrapper:129 -> [START] /usr/local/lib/python3.8/dist-packages/ait_sdk/develop/ait_path_helper.py[230]:get_manifest_file_path(<ait_sdk.develop.ait_path_helper.AITPathHelper object at 0x7f274fab9460>)
[2023-08-17 13:26:37,367] [139807294433088] DEBUG	logging.py - wrapper:135 -> [END] /usr/local/lib/python3.8/dist-packages/ait_sdk/develop/ait_path_helper.py[230]:get_manifest_file_path() = /workdir/root/deploy/container/repository/ait.manifest.json
[2023-08-17 13:26:37,367] [139807294433088] DEBUG	logging.py - wrapper:129 -> [START] /usr/local/lib/python3.8/dist-packages/ait_sdk/common/files/ait_manifest.py[230]:read_json(<ait_sdk.common.files.ait_manifest.AITManifest object at 0x7f276c0ccb50>,/workdir/root/deploy/container/repository/ait.manifest.json)
[2023-08-17 13:26:37,372] [139807294433088] DEBUG	logging.py - wrapper:137 -> [END] /usr/local/lib/python3.8/dist-packages/ait_sdk/common/files/ait_manifest.py[230]:read_json()
[2023-08-17 13:26:37,372] [139807294433088] DEBUG	logging.py - wrapper:129 -> [START] /usr/local/lib/python3.8/dist-packages/ait_sdk/develop/annotation.py[294]:main()
[2023-08-17 13:26:37,373] [139807294433088] DEBUG	logging.py - wrapper:129 -> [START] /usr/local/lib/python3.8/dist-packages/ait_sdk/common/files/ait_input.py[279]:get_inventory_path(<ait_sdk.common.files.ait_input.AITInput object at 0x7f276c0cc8b0>,iris_data)
[2023-08-17 13:26:37,373] [139807294433088] DEBUG	logging.py - wrapper:129 -> [START] /usr/local/lib/python3.8/dist-packages/ait_sdk/common/files/ait_input.py[131]:_find_value(<ait_sdk.common.files.ait_input.AITInput object at 0x7f276c0cc8b0>,Inventories,iris_data)
[2023-08-17 13:26:37,374] [139807294433088] DEBUG	logging.py - wrapper:135 -> [END] /usr/local/lib/python3.8/dist-packages/ait_sdk/common/files/ait_input.py[131]:_find_value() = /usr/local/qai/inventory/iris_data/tableconvert_csv_4nryby.csv
[2023-08-17 13:26:37,374] [139807294433088] DEBUG	logging.py - wrapper:135 -> [END] /usr/local/lib/python3.8/dist-packages/ait_sdk/common/files/ait_input.py[279]:get_inventory_path() = /usr/local/qai/inventory/iris_data/tableconvert_csv_4nryby.csv
[2023-08-17 13:26:37,381] [139807294433088] DEBUG	logging.py - wrapper:129 -> [START] /usr/local/lib/python3.8/dist-packages/ait_sdk/common/files/ait_input.py[281]:get_method_param_value(<ait_sdk.common.files.ait_input.AITInput object at 0x7f276c0cc8b0>,mean_column_name)
[2023-08-17 13:26:37,382] [139807294433088] DEBUG	logging.py - wrapper:129 -> [START] /usr/local/lib/python3.8/dist-packages/ait_sdk/common/files/ait_input.py[95]:_find_value(<ait_sdk.common.files.ait_input.AITInput object at 0x7f276c0cc8b0>,MethodParams,mean_column_name)
[2023-08-17 13:26:37,382] [139807294433088] DEBUG	logging.py - wrapper:135 -> [END] /usr/local/lib/python3.8/dist-packages/ait_sdk/common/files/ait_input.py[95]:_find_value() = petal.width
[2023-08-17 13:26:37,383] [139807294433088] DEBUG	logging.py - wrapper:129 -> [START] /usr/local/lib/python3.8/dist-packages/ait_sdk/common/files/ait_manifest.py[101]:get_ait_parameter_type(<ait_sdk.common.files.ait_manifest.AITManifest object at 0x7f276c0ccb50>,mean_column_name)
[2023-08-17 13:26:37,383] [139807294433088] DEBUG	logging.py - wrapper:129 -> [START] /usr/local/lib/python3.8/dist-packages/ait_sdk/common/files/ait_manifest.py[150]:_find_path(<ait_sdk.common.files.ait_manifest.AITManifest object at 0x7f276c0ccb50>)
[2023-08-17 13:26:37,383] [139807294433088] DEBUG	logging.py - wrapper:135 -> [END] /usr/local/lib/python3.8/dist-packages/ait_sdk/common/files/ait_manifest.py[150]:_find_path() = str
[2023-08-17 13:26:37,384] [139807294433088] DEBUG	logging.py - wrapper:135 -> [END] /usr/local/lib/python3.8/dist-packages/ait_sdk/common/files/ait_manifest.py[101]:get_ait_parameter_type() = str
[2023-08-17 13:26:37,384] [139807294433088] DEBUG	logging.py - wrapper:135 -> [END] /usr/local/lib/python3.8/dist-packages/ait_sdk/common/files/ait_input.py[281]:get_method_param_value() = petal.width
[2023-08-17 13:26:37,392] [139807294433088] DEBUG	logging.py - wrapper:129 -> [START] /usr/local/lib/python3.8/dist-packages/ait_sdk/develop/annotation.py[281]:calc_mean(     sepal.length  sepal.width  petal.length  petal.width    variety
0             5.1          3.5           1.4          0.2     Setosa
1             4.9          3.0           1.4          0.2     Setosa
2             4.7          3.2           1.3          0.2     Setosa
3             4.6          3.1           1.5          0.2     Setosa
4             5.0          3.6           1.4          0.2     Setosa
..            ...          ...           ...          ...        ...
145           6.7          3.0           5.2          2.3  Virginica
146           6.3          2.5           5.0          1.9  Virginica
147           6.5          3.0           5.2          2.0  Virginica
148           6.2          3.4           5.4          2.3  Virginica
149           5.9          3.0           5.1          1.8  Virginica

[150 rows x 5 columns],petal.width)
[2023-08-17 13:26:37,393] [139807294433088] DEBUG	logging.py - wrapper:129 -> [START] /usr/local/lib/python3.8/dist-packages/ait_sdk/common/files/ait_output.py[161]:add_measure(<ait_sdk.common.files.ait_output.AITOutput object at 0x7f276bfb3d90>)
[2023-08-17 13:26:37,393] [139807294433088] DEBUG	logging.py - wrapper:137 -> [END] /usr/local/lib/python3.8/dist-packages/ait_sdk/common/files/ait_output.py[161]:add_measure()
[2023-08-17 13:26:37,393] [139807294433088] DEBUG	logging.py - wrapper:135 -> [END] /usr/local/lib/python3.8/dist-packages/ait_sdk/develop/annotation.py[281]:calc_mean() = 1.1993333333333336
[2023-08-17 13:26:37,399] [139807294433088] DEBUG	logging.py - wrapper:129 -> [START] /usr/local/lib/python3.8/dist-packages/ait_sdk/develop/annotation.py[282]:save_pair_plot(     sepal.length  sepal.width  petal.length  petal.width    variety
0             5.1          3.5           1.4          0.2     Setosa
1             4.9          3.0           1.4          0.2     Setosa
2             4.7          3.2           1.3          0.2     Setosa
3             4.6          3.1           1.5          0.2     Setosa
4             5.0          3.6           1.4          0.2     Setosa
..            ...          ...           ...          ...        ...
145           6.7          3.0           5.2          2.3  Virginica
146           6.3          2.5           5.0          1.9  Virginica
147           6.5          3.0           5.2          2.0  Virginica
148           6.2          3.4           5.4          2.3  Virginica
149           5.9          3.0           5.1          1.8  Virginica

[150 rows x 5 columns])
[2023-08-17 13:26:37,400] [139807294433088] DEBUG	logging.py - wrapper:129 -> [START] /usr/local/lib/python3.8/dist-packages/ait_sdk/develop/ait_path_helper.py[242]:get_output_resource_path(<ait_sdk.develop.ait_path_helper.AITPathHelper object at 0x7f274fab9460>,pairplot)
[2023-08-17 13:26:37,400] [139807294433088] DEBUG	logging.py - wrapper:129 -> [START] /usr/local/lib/python3.8/dist-packages/ait_sdk/develop/ait_path_helper.py[125]:_get_result_dir_path(<ait_sdk.develop.ait_path_helper.AITPathHelper object at 0x7f274fab9460>)
[2023-08-17 13:26:37,401] [139807294433088] DEBUG	logging.py - wrapper:129 -> [START] /usr/local/lib/python3.8/dist-packages/ait_sdk/common/files/ait_input.py[103]:get_mount_dir_path(<ait_sdk.common.files.ait_input.AITInput object at 0x7f276c0cc8b0>)
[2023-08-17 13:26:37,401] [139807294433088] DEBUG	logging.py - wrapper:135 -> [END] /usr/local/lib/python3.8/dist-packages/ait_sdk/common/files/ait_input.py[103]:get_mount_dir_path() = /usr/local/qai/mnt
[2023-08-17 13:26:37,402] [139807294433088] DEBUG	logging.py - wrapper:129 -> [START] /usr/local/lib/python3.8/dist-packages/ait_sdk/common/files/ait_input.py[104]:get_job_id(<ait_sdk.common.files.ait_input.AITInput object at 0x7f276c0cc8b0>)
[2023-08-17 13:26:37,402] [139807294433088] DEBUG	logging.py - wrapper:135 -> [END] /usr/local/lib/python3.8/dist-packages/ait_sdk/common/files/ait_input.py[104]:get_job_id() = 1
[2023-08-17 13:26:37,402] [139807294433088] DEBUG	logging.py - wrapper:129 -> [START] /usr/local/lib/python3.8/dist-packages/ait_sdk/common/files/ait_input.py[105]:get_run_id(<ait_sdk.common.files.ait_input.AITInput object at 0x7f276c0cc8b0>)
[2023-08-17 13:26:37,403] [139807294433088] DEBUG	logging.py - wrapper:135 -> [END] /usr/local/lib/python3.8/dist-packages/ait_sdk/common/files/ait_input.py[105]:get_run_id() = 1
[2023-08-17 13:26:37,403] [139807294433088] DEBUG	logging.py - wrapper:135 -> [END] /usr/local/lib/python3.8/dist-packages/ait_sdk/develop/ait_path_helper.py[125]:_get_result_dir_path() = /usr/local/qai/mnt/ip/job_result/1/1
[2023-08-17 13:26:37,404] [139807294433088] DEBUG	logging.py - wrapper:135 -> [END] /usr/local/lib/python3.8/dist-packages/ait_sdk/develop/ait_path_helper.py[242]:get_output_resource_path() = /usr/local/qai/mnt/ip/job_result/1/1/resources/pairplot/
[2023-08-17 13:26:37,407] [139807294433088] DEBUG	pyplot.py - switch_backend:339 -> Loaded backend agg version v2.2.
[2023-08-17 13:26:37,410] [139807294433088] DEBUG	font_manager.py - _findfont_cached:1379 -> findfont: Matching sans\-serif:style=normal:variant=normal:weight=normal:stretch=normal:size=10.0.
[2023-08-17 13:26:37,410] [139807294433088] DEBUG	font_manager.py - _findfont_cached:1391 -> findfont: score(FontEntry(fname='/usr/local/lib/python3.8/dist-packages/matplotlib/mpl-data/fonts/ttf/STIXGeneralBolIta.ttf', name='STIXGeneral', style='italic', variant='normal', weight=700, stretch='normal', size='scalable')) = 11.335
[2023-08-17 13:26:37,411] [139807294433088] DEBUG	font_manager.py - _findfont_cached:1391 -> findfont: score(FontEntry(fname='/usr/local/lib/python3.8/dist-packages/matplotlib/mpl-data/fonts/ttf/STIXNonUniBol.ttf', name='STIXNonUnicode', style='normal', variant='normal', weight=700, stretch='normal', size='scalable')) = 10.335
[2023-08-17 13:26:37,411] [139807294433088] DEBUG	font_manager.py - _findfont_cached:1391 -> findfont: score(FontEntry(fname='/usr/local/lib/python3.8/dist-packages/matplotlib/mpl-data/fonts/ttf/STIXSizFourSymReg.ttf', name='STIXSizeFourSym', style='normal', variant='normal', weight=400, stretch='normal', size='scalable')) = 10.05
[2023-08-17 13:26:37,411] [139807294433088] DEBUG	font_manager.py - _findfont_cached:1391 -> findfont: score(FontEntry(fname='/usr/local/lib/python3.8/dist-packages/matplotlib/mpl-data/fonts/ttf/cmtt10.ttf', name='cmtt10', style='normal', variant='normal', weight=400, stretch='normal', size='scalable')) = 10.05
[2023-08-17 13:26:37,412] [139807294433088] DEBUG	font_manager.py - _findfont_cached:1391 -> findfont: score(FontEntry(fname='/usr/local/lib/python3.8/dist-packages/matplotlib/mpl-data/fonts/ttf/STIXSizThreeSymBol.ttf', name='STIXSizeThreeSym', style='normal', variant='normal', weight=700, stretch='normal', size='scalable')) = 10.335
[2023-08-17 13:26:37,413] [139807294433088] DEBUG	font_manager.py - _findfont_cached:1391 -> findfont: score(FontEntry(fname='/usr/local/lib/python3.8/dist-packages/matplotlib/mpl-data/fonts/ttf/DejaVuSerif-Italic.ttf', name='DejaVu Serif', style='italic', variant='normal', weight=400, stretch='normal', size='scalable')) = 11.05
[2023-08-17 13:26:37,413] [139807294433088] DEBUG	font_manager.py - _findfont_cached:1391 -> findfont: score(FontEntry(fname='/usr/local/lib/python3.8/dist-packages/matplotlib/mpl-data/fonts/ttf/STIXNonUniIta.ttf', name='STIXNonUnicode', style='italic', variant='normal', weight=400, stretch='normal', size='scalable')) = 11.05
[2023-08-17 13:26:37,413] [139807294433088] DEBUG	font_manager.py - _findfont_cached:1391 -> findfont: score(FontEntry(fname='/usr/local/lib/python3.8/dist-packages/matplotlib/mpl-data/fonts/ttf/STIXSizThreeSymReg.ttf', name='STIXSizeThreeSym', style='normal', variant='normal', weight=400, stretch='normal', size='scalable')) = 10.05
[2023-08-17 13:26:37,414] [139807294433088] DEBUG	font_manager.py - _findfont_cached:1391 -> findfont: score(FontEntry(fname='/usr/local/lib/python3.8/dist-packages/matplotlib/mpl-data/fonts/ttf/STIXGeneral.ttf', name='STIXGeneral', style='normal', variant='normal', weight=400, stretch='normal', size='scalable')) = 10.05
[2023-08-17 13:26:37,414] [139807294433088] DEBUG	font_manager.py - _findfont_cached:1391 -> findfont: score(FontEntry(fname='/usr/local/lib/python3.8/dist-packages/matplotlib/mpl-data/fonts/ttf/cmmi10.ttf', name='cmmi10', style='normal', variant='normal', weight=400, stretch='normal', size='scalable')) = 10.05
[2023-08-17 13:26:37,415] [139807294433088] DEBUG	font_manager.py - _findfont_cached:1391 -> findfont: score(FontEntry(fname='/usr/local/lib/python3.8/dist-packages/matplotlib/mpl-data/fonts/ttf/cmr10.ttf', name='cmr10', style='normal', variant='normal', weight=400, stretch='normal', size='scalable')) = 10.05
[2023-08-17 13:26:37,415] [139807294433088] DEBUG	font_manager.py - _findfont_cached:1391 -> findfont: score(FontEntry(fname='/usr/local/lib/python3.8/dist-packages/matplotlib/mpl-data/fonts/ttf/cmex10.ttf', name='cmex10', style='normal', variant='normal', weight=400, stretch='normal', size='scalable')) = 10.05
[2023-08-17 13:26:37,415] [139807294433088] DEBUG	font_manager.py - _findfont_cached:1391 -> findfont: score(FontEntry(fname='/usr/local/lib/python3.8/dist-packages/matplotlib/mpl-data/fonts/ttf/STIXSizOneSymReg.ttf', name='STIXSizeOneSym', style='normal', variant='normal', weight=400, stretch='normal', size='scalable')) = 10.05
[2023-08-17 13:26:37,416] [139807294433088] DEBUG	font_manager.py - _findfont_cached:1391 -> findfont: score(FontEntry(fname='/usr/local/lib/python3.8/dist-packages/matplotlib/mpl-data/fonts/ttf/STIXSizOneSymBol.ttf', name='STIXSizeOneSym', style='normal', variant='normal', weight=700, stretch='normal', size='scalable')) = 10.335
[2023-08-17 13:26:37,416] [139807294433088] DEBUG	font_manager.py - _findfont_cached:1391 -> findfont: score(FontEntry(fname='/usr/local/lib/python3.8/dist-packages/matplotlib/mpl-data/fonts/ttf/cmsy10.ttf', name='cmsy10', style='normal', variant='normal', weight=400, stretch='normal', size='scalable')) = 10.05
[2023-08-17 13:26:37,416] [139807294433088] DEBUG	font_manager.py - _findfont_cached:1391 -> findfont: score(FontEntry(fname='/usr/local/lib/python3.8/dist-packages/matplotlib/mpl-data/fonts/ttf/STIXSizFourSymBol.ttf', name='STIXSizeFourSym', style='normal', variant='normal', weight=700, stretch='normal', size='scalable')) = 10.335
[2023-08-17 13:26:37,417] [139807294433088] DEBUG	font_manager.py - _findfont_cached:1391 -> findfont: score(FontEntry(fname='/usr/local/lib/python3.8/dist-packages/matplotlib/mpl-data/fonts/ttf/DejaVuSans.ttf', name='DejaVu Sans', style='normal', variant='normal', weight=400, stretch='normal', size='scalable')) = 0.05
[2023-08-17 13:26:37,418] [139807294433088] DEBUG	font_manager.py - _findfont_cached:1391 -> findfont: score(FontEntry(fname='/usr/local/lib/python3.8/dist-packages/matplotlib/mpl-data/fonts/ttf/DejaVuSansMono-Bold.ttf', name='DejaVu Sans Mono', style='normal', variant='normal', weight=700, stretch='normal', size='scalable')) = 10.335
[2023-08-17 13:26:37,421] [139807294433088] DEBUG	font_manager.py - _findfont_cached:1391 -> findfont: score(FontEntry(fname='/usr/local/lib/python3.8/dist-packages/matplotlib/mpl-data/fonts/ttf/STIXSizFiveSymReg.ttf', name='STIXSizeFiveSym', style='normal', variant='normal', weight=400, stretch='normal', size='scalable')) = 10.05
[2023-08-17 13:26:37,421] [139807294433088] DEBUG	font_manager.py - _findfont_cached:1391 -> findfont: score(FontEntry(fname='/usr/local/lib/python3.8/dist-packages/matplotlib/mpl-data/fonts/ttf/DejaVuSans-BoldOblique.ttf', name='DejaVu Sans', style='oblique', variant='normal', weight=700, stretch='normal', size='scalable')) = 1.335
[2023-08-17 13:26:37,421] [139807294433088] DEBUG	font_manager.py - _findfont_cached:1391 -> findfont: score(FontEntry(fname='/usr/local/lib/python3.8/dist-packages/matplotlib/mpl-data/fonts/ttf/DejaVuSans-Oblique.ttf', name='DejaVu Sans', style='oblique', variant='normal', weight=400, stretch='normal', size='scalable')) = 1.05
[2023-08-17 13:26:37,422] [139807294433088] DEBUG	font_manager.py - _findfont_cached:1391 -> findfont: score(FontEntry(fname='/usr/local/lib/python3.8/dist-packages/matplotlib/mpl-data/fonts/ttf/STIXSizTwoSymReg.ttf', name='STIXSizeTwoSym', style='normal', variant='normal', weight=400, stretch='normal', size='scalable')) = 10.05
[2023-08-17 13:26:37,422] [139807294433088] DEBUG	font_manager.py - _findfont_cached:1391 -> findfont: score(FontEntry(fname='/usr/local/lib/python3.8/dist-packages/matplotlib/mpl-data/fonts/ttf/DejaVuSerif.ttf', name='DejaVu Serif', style='normal', variant='normal', weight=400, stretch='normal', size='scalable')) = 10.05
[2023-08-17 13:26:37,423] [139807294433088] DEBUG	font_manager.py - _findfont_cached:1391 -> findfont: score(FontEntry(fname='/usr/local/lib/python3.8/dist-packages/matplotlib/mpl-data/fonts/ttf/DejaVuSerif-BoldItalic.ttf', name='DejaVu Serif', style='italic', variant='normal', weight=700, stretch='normal', size='scalable')) = 11.335
[2023-08-17 13:26:37,423] [139807294433088] DEBUG	font_manager.py - _findfont_cached:1391 -> findfont: score(FontEntry(fname='/usr/local/lib/python3.8/dist-packages/matplotlib/mpl-data/fonts/ttf/cmb10.ttf', name='cmb10', style='normal', variant='normal', weight=400, stretch='normal', size='scalable')) = 10.05
[2023-08-17 13:26:37,423] [139807294433088] DEBUG	font_manager.py - _findfont_cached:1391 -> findfont: score(FontEntry(fname='/usr/local/lib/python3.8/dist-packages/matplotlib/mpl-data/fonts/ttf/cmss10.ttf', name='cmss10', style='normal', variant='normal', weight=400, stretch='normal', size='scalable')) = 10.05
[2023-08-17 13:26:37,424] [139807294433088] DEBUG	font_manager.py - _findfont_cached:1391 -> findfont: score(FontEntry(fname='/usr/local/lib/python3.8/dist-packages/matplotlib/mpl-data/fonts/ttf/DejaVuSansMono.ttf', name='DejaVu Sans Mono', style='normal', variant='normal', weight=400, stretch='normal', size='scalable')) = 10.05
[2023-08-17 13:26:37,424] [139807294433088] DEBUG	font_manager.py - _findfont_cached:1391 -> findfont: score(FontEntry(fname='/usr/local/lib/python3.8/dist-packages/matplotlib/mpl-data/fonts/ttf/DejaVuSansDisplay.ttf', name='DejaVu Sans Display', style='normal', variant='normal', weight=400, stretch='normal', size='scalable')) = 10.05
[2023-08-17 13:26:37,424] [139807294433088] DEBUG	font_manager.py - _findfont_cached:1391 -> findfont: score(FontEntry(fname='/usr/local/lib/python3.8/dist-packages/matplotlib/mpl-data/fonts/ttf/STIXNonUniBolIta.ttf', name='STIXNonUnicode', style='italic', variant='normal', weight=700, stretch='normal', size='scalable')) = 11.335
[2023-08-17 13:26:37,425] [139807294433088] DEBUG	font_manager.py - _findfont_cached:1391 -> findfont: score(FontEntry(fname='/usr/local/lib/python3.8/dist-packages/matplotlib/mpl-data/fonts/ttf/DejaVuSerif-Bold.ttf', name='DejaVu Serif', style='normal', variant='normal', weight=700, stretch='normal', size='scalable')) = 10.335
[2023-08-17 13:26:37,426] [139807294433088] DEBUG	font_manager.py - _findfont_cached:1391 -> findfont: score(FontEntry(fname='/usr/local/lib/python3.8/dist-packages/matplotlib/mpl-data/fonts/ttf/DejaVuSerifDisplay.ttf', name='DejaVu Serif Display', style='normal', variant='normal', weight=400, stretch='normal', size='scalable')) = 10.05
[2023-08-17 13:26:37,426] [139807294433088] DEBUG	font_manager.py - _findfont_cached:1391 -> findfont: score(FontEntry(fname='/usr/local/lib/python3.8/dist-packages/matplotlib/mpl-data/fonts/ttf/STIXGeneralBol.ttf', name='STIXGeneral', style='normal', variant='normal', weight=700, stretch='normal', size='scalable')) = 10.335
[2023-08-17 13:26:37,426] [139807294433088] DEBUG	font_manager.py - _findfont_cached:1391 -> findfont: score(FontEntry(fname='/usr/local/lib/python3.8/dist-packages/matplotlib/mpl-data/fonts/ttf/DejaVuSansMono-Oblique.ttf', name='DejaVu Sans Mono', style='oblique', variant='normal', weight=400, stretch='normal', size='scalable')) = 11.05
[2023-08-17 13:26:37,427] [139807294433088] DEBUG	font_manager.py - _findfont_cached:1391 -> findfont: score(FontEntry(fname='/usr/local/lib/python3.8/dist-packages/matplotlib/mpl-data/fonts/ttf/DejaVuSansMono-BoldOblique.ttf', name='DejaVu Sans Mono', style='oblique', variant='normal', weight=700, stretch='normal', size='scalable')) = 11.335
[2023-08-17 13:26:37,427] [139807294433088] DEBUG	font_manager.py - _findfont_cached:1391 -> findfont: score(FontEntry(fname='/usr/local/lib/python3.8/dist-packages/matplotlib/mpl-data/fonts/ttf/STIXGeneralItalic.ttf', name='STIXGeneral', style='italic', variant='normal', weight=400, stretch='normal', size='scalable')) = 11.05
[2023-08-17 13:26:37,428] [139807294433088] DEBUG	font_manager.py - _findfont_cached:1391 -> findfont: score(FontEntry(fname='/usr/local/lib/python3.8/dist-packages/matplotlib/mpl-data/fonts/ttf/STIXNonUni.ttf', name='STIXNonUnicode', style='normal', variant='normal', weight=400, stretch='normal', size='scalable')) = 10.05
[2023-08-17 13:26:37,428] [139807294433088] DEBUG	font_manager.py - _findfont_cached:1391 -> findfont: score(FontEntry(fname='/usr/local/lib/python3.8/dist-packages/matplotlib/mpl-data/fonts/ttf/STIXSizTwoSymBol.ttf', name='STIXSizeTwoSym', style='normal', variant='normal', weight=700, stretch='normal', size='scalable')) = 10.335
[2023-08-17 13:26:37,428] [139807294433088] DEBUG	font_manager.py - _findfont_cached:1391 -> findfont: score(FontEntry(fname='/usr/local/lib/python3.8/dist-packages/matplotlib/mpl-data/fonts/ttf/DejaVuSans-Bold.ttf', name='DejaVu Sans', style='normal', variant='normal', weight=700, stretch='normal', size='scalable')) = 0.33499999999999996
[2023-08-17 13:26:37,429] [139807294433088] DEBUG	font_manager.py - _findfont_cached:1422 -> findfont: Matching sans\-serif:style=normal:variant=normal:weight=normal:stretch=normal:size=10.0 to DejaVu Sans ('/usr/local/lib/python3.8/dist-packages/matplotlib/mpl-data/fonts/ttf/DejaVuSans.ttf') with score of 0.050000.
[2023-08-17 13:26:40,710] [139807294433088] DEBUG	logging.py - wrapper:129 -> [START] /usr/local/lib/python3.8/dist-packages/ait_sdk/common/files/ait_output.py[260]:add_resource(<ait_sdk.common.files.ait_output.AITOutput object at 0x7f276bfb3d90>)
[2023-08-17 13:26:40,711] [139807294433088] DEBUG	logging.py - wrapper:137 -> [END] /usr/local/lib/python3.8/dist-packages/ait_sdk/common/files/ait_output.py[260]:add_resource()
[2023-08-17 13:26:40,711] [139807294433088] DEBUG	logging.py - wrapper:137 -> [END] /usr/local/lib/python3.8/dist-packages/ait_sdk/develop/annotation.py[282]:save_pair_plot()
[2023-08-17 13:26:40,712] [139807294433088] DEBUG	logging.py - wrapper:129 -> [START] /usr/local/lib/python3.8/dist-packages/ait_sdk/develop/annotation.py[283]:move_log()
[2023-08-17 13:26:40,712] [139807294433088] DEBUG	logging.py - wrapper:129 -> [START] /usr/local/lib/python3.8/dist-packages/ait_sdk/develop/ait_path_helper.py[331]:get_output_download_path(<ait_sdk.develop.ait_path_helper.AITPathHelper object at 0x7f274fab9460>,Log)
[2023-08-17 13:26:40,713] [139807294433088] DEBUG	logging.py - wrapper:129 -> [START] /usr/local/lib/python3.8/dist-packages/ait_sdk/develop/ait_path_helper.py[145]:_get_result_dir_path(<ait_sdk.develop.ait_path_helper.AITPathHelper object at 0x7f274fab9460>)
[2023-08-17 13:26:40,713] [139807294433088] DEBUG	logging.py - wrapper:129 -> [START] /usr/local/lib/python3.8/dist-packages/ait_sdk/common/files/ait_input.py[103]:get_mount_dir_path(<ait_sdk.common.files.ait_input.AITInput object at 0x7f276c0cc8b0>)
[2023-08-17 13:26:40,713] [139807294433088] DEBUG	logging.py - wrapper:135 -> [END] /usr/local/lib/python3.8/dist-packages/ait_sdk/common/files/ait_input.py[103]:get_mount_dir_path() = /usr/local/qai/mnt
[2023-08-17 13:26:40,714] [139807294433088] DEBUG	logging.py - wrapper:129 -> [START] /usr/local/lib/python3.8/dist-packages/ait_sdk/common/files/ait_input.py[104]:get_job_id(<ait_sdk.common.files.ait_input.AITInput object at 0x7f276c0cc8b0>)
[2023-08-17 13:26:40,714] [139807294433088] DEBUG	logging.py - wrapper:135 -> [END] /usr/local/lib/python3.8/dist-packages/ait_sdk/common/files/ait_input.py[104]:get_job_id() = 1
[2023-08-17 13:26:40,715] [139807294433088] DEBUG	logging.py - wrapper:129 -> [START] /usr/local/lib/python3.8/dist-packages/ait_sdk/common/files/ait_input.py[105]:get_run_id(<ait_sdk.common.files.ait_input.AITInput object at 0x7f276c0cc8b0>)
[2023-08-17 13:26:40,715] [139807294433088] DEBUG	logging.py - wrapper:135 -> [END] /usr/local/lib/python3.8/dist-packages/ait_sdk/common/files/ait_input.py[105]:get_run_id() = 1
[2023-08-17 13:26:40,715] [139807294433088] DEBUG	logging.py - wrapper:135 -> [END] /usr/local/lib/python3.8/dist-packages/ait_sdk/develop/ait_path_helper.py[145]:_get_result_dir_path() = /usr/local/qai/mnt/ip/job_result/1/1
[2023-08-17 13:26:40,716] [139807294433088] DEBUG	logging.py - wrapper:135 -> [END] /usr/local/lib/python3.8/dist-packages/ait_sdk/develop/ait_path_helper.py[331]:get_output_download_path() = /usr/local/qai/mnt/ip/job_result/1/1/downloads/Log/
